<?xml version="1.0" encoding="UTF-8"?>
<testng-results ignored="0" total="1" passed="1" failed="0" skipped="0">
  <reporter-output>
  </reporter-output>
  <suite started-at="2024-01-11T15:41:07 IST" name="Regression" finished-at="2024-01-11T15:41:12 IST" duration-ms="5357">
    <groups>
    </groups>
    <test started-at="2024-01-11T15:41:07 IST" name="Regression 1" finished-at="2024-01-11T15:41:12 IST" duration-ms="5357">
      <class name="basic.WorkingOnCheckBoxes">
        <test-method is-config="true" signature="setUp()[pri:0, instance:basic.WorkingOnCheckBoxes@229c6181]" started-at="2024-01-11T15:41:07 IST" name="setUp" finished-at="2024-01-11T15:41:12 IST" duration-ms="5127" status="PASS">
          <reporter-output>
          </reporter-output>
        </test-method> <!-- setUp -->
        <test-method signature="selectCheckBox()[pri:0, instance:basic.WorkingOnCheckBoxes@229c6181]" started-at="2024-01-11T15:41:12 IST" name="selectCheckBox" finished-at="2024-01-11T15:41:12 IST" duration-ms="174" status="PASS">
          <reporter-output>
          </reporter-output>
        </test-method> <!-- selectCheckBox -->
      </class> <!-- basic.WorkingOnCheckBoxes -->
    </test> <!-- Regression 1 -->
  </suite> <!-- Regression -->
</testng-results>
